<?xml version="1.0" encoding="UTF-8"?>
<testsuite xmlns:xsi="http://www.w3.org/2001/XMLSchema-instance" xsi:noNamespaceSchemaLocation="https://maven.apache.org/surefire/maven-surefire-plugin/xsd/surefire-test-report-3.0.xsd" version="3.0" name="com.mycompany.piscinamimu.GestoreCorsiTest" time="0.12" tests="31" errors="0" skipped="0" failures="0">
  <properties>
[...]
</properties>
  <testcase name="ModificaNome_not_ok" classname="com.mycompany.piscinamimu.GestoreCorsiTest" time="0.029"/>
  <testcase name="ModificaPostiOccupati_not_ok" classname="com.mycompany.piscinamimu.GestoreCorsiTest" time="0.002"/>
  <testcase name="ModificaOraFineLezione_lezione_orari_not_ok" classname="com.mycompany.piscinamimu.GestoreCorsiTest" time="0.002">
    <system-out><![CDATA[Inserire nuovo orario fine lezione --->
]]></system-out>
  </testcase>
  <testcase name="ModificaNumeroPosti_ok" classname="com.mycompany.piscinamimu.GestoreCorsiTest" time="0.002">
    <system-out><![CDATA[Inserisci il nuovo numero di posti disponibili nel corso --->
]]></system-out>
  </testcase>
  <testcase name="stampaTutto_nonLanciaEccezioni" classname="com.mycompany.piscinamimu.GestoreCorsiTest" time="0.012">
    <system-out><![CDATA[ID Corso: C1
Nome: Nuoto, Tipologia clienti: Tutti, Posti totali: 10, Durata: 3 lezioni, Posti occupati: 0
Nessuna lezione presente.
Nessun istruttore presente
]]></system-out>
  </testcase>
  <testcase name="aggiungiLezione_corsoNonPresenteLanciaEccezione" classname="com.mycompany.piscinamimu.GestoreCorsiTest" time="0.002"/>
  <testcase name="eliminaLezione_nonPresente" classname="com.mycompany.piscinamimu.GestoreCorsiTest" time="0.002"/>
  <testcase name="ModificaTipologiaClienti_ok" classname="com.mycompany.piscinamimu.GestoreCorsiTest" time="0.001">
    <system-out><![CDATA[Inserisci la nuova tipologia clienti --->
]]></system-out>
  </testcase>
  <testcase name="aggiungiLezione_alCorsoEsistente" classname="com.mycompany.piscinamimu.GestoreCorsiTest" time="0.001"/>
  <testcase name="aggiungiCorso_ok" classname="com.mycompany.piscinamimu.GestoreCorsiTest" time="0.001"/>
  <testcase name="aggiungiCorso_giaPresente" classname="com.mycompany.piscinamimu.GestoreCorsiTest" time="0.001"/>
  <testcase name="ModificaDurata_not_ok" classname="com.mycompany.piscinamimu.GestoreCorsiTest" time="0.001"/>
  <testcase name="aggiungiLezione_limiteDurata" classname="com.mycompany.piscinamimu.GestoreCorsiTest" time="0.001"/>
  <testcase name="ModificaOraFineLezione_lezione_not_ok" classname="com.mycompany.piscinamimu.GestoreCorsiTest" time="0.001"/>
  <testcase name="ModificaOraInizioLezione_ok" classname="com.mycompany.piscinamimu.GestoreCorsiTest" time="0.001">
    <system-out><![CDATA[Inserire nuovo orario inizio lezione --->
]]></system-out>
  </testcase>
  <testcase name="ModificaTipologiaClienti_not_ok" classname="com.mycompany.piscinamimu.GestoreCorsiTest" time="0.001"/>
  <testcase name="eliminaCorso_ok" classname="com.mycompany.piscinamimu.GestoreCorsiTest" time="0.001">
    <system-out><![CDATA[Corso C3 eliminato correttamente!
]]></system-out>
  </testcase>
  <testcase name="ModificaOraFineLezione_corso_not_ok" classname="com.mycompany.piscinamimu.GestoreCorsiTest" time="0.001"/>
  <testcase name="aggiungiLezione_programmazionePiena" classname="com.mycompany.piscinamimu.GestoreCorsiTest" time="0.001"/>
  <testcase name="ModificaPostiOccupati_ok" classname="com.mycompany.piscinamimu.GestoreCorsiTest" time="0.001">
    <system-out><![CDATA[Inserisci il nuovo numero di posti occupati nel corso --->
]]></system-out>
  </testcase>
  <testcase name="cercaCorso_ok" classname="com.mycompany.piscinamimu.GestoreCorsiTest" time="0.001"/>
  <testcase name="ModificaNumeroPosti_not_ok" classname="com.mycompany.piscinamimu.GestoreCorsiTest" time="0.001"/>
  <testcase name="cercaCorso_nonPresente" classname="com.mycompany.piscinamimu.GestoreCorsiTest" time="0.001"/>
  <testcase name="ModificaDurata_ok" classname="com.mycompany.piscinamimu.GestoreCorsiTest" time="0.001">
    <system-out><![CDATA[Inserisci la nuova durata del corso --->
]]></system-out>
  </testcase>
  <testcase name="ModificaOraFineLezione_ok" classname="com.mycompany.piscinamimu.GestoreCorsiTest" time="0.005">
    <system-out><![CDATA[Inserire nuovo orario fine lezione --->
]]></system-out>
  </testcase>
  <testcase name="ModificaOraInizioLezione_lezione_orari_not_ok" classname="com.mycompany.piscinamimu.GestoreCorsiTest" time="0.002">
    <system-out><![CDATA[Inserire nuovo orario inizio lezione --->
]]></system-out>
  </testcase>
  <testcase name="ModificaOraInizioLezione_lezione_not_ok" classname="com.mycompany.piscinamimu.GestoreCorsiTest" time="0.001"/>
  <testcase name="aggiungiLezione_giaPresente" classname="com.mycompany.piscinamimu.GestoreCorsiTest" time="0.001"/>
  <testcase name="ModificaOraInizioLezione_corso_not_ok" classname="com.mycompany.piscinamimu.GestoreCorsiTest" time="0.001"/>
  <testcase name="ModificaNome_ok" classname="com.mycompany.piscinamimu.GestoreCorsiTest" time="0.001">
    <system-out><![CDATA[Inserisci nuovo nome per il corso --->
]]></system-out>
  </testcase>
  <testcase name="eliminaLezione_presente" classname="com.mycompany.piscinamimu.GestoreCorsiTest" time="0.001"/>
</testsuite>